926761778
449790818
309354196
772531665
144878400
176650840
593388356
761316750
112732161
147702725
332432224
36686501
108989838
914988020
266226033
747195413
881679471
769592828
309836372
921497868
191129311
242529175
293862529
651502812
156681665
56305556
124972930
199778053
594748943
363861068
321450976
546179070
23574308
100904125
646626963
422799654
393829725
571508579
852179551
126388574
850564436
50445148
897161759
784790670
700772950
634206564
167325819
685095816
929433717
18794723
426174437
400712822
499101682
802738811
766592606
23023183
860009733
586427056
222894616
422736459
837329778
228947647
357318624
164941694
904818754
324332724
920648700
506705875
585432493
179489163
630693919
451275976
85062580
566684090
544748574
278295083
636761895
850489730
757719365
7923925
415211824
353732820
973542660
375136208
941054290
719449549
447360330
201610630
334883995
54959290
710774129
122359142
885597213
465077672
758295838
502819153
847721454
42044906
464322232
39525321
546628191
964098110
448568657
858612452
224440652
411075766
900106983
649604476
804253904
757908908
901774648
868534550
386575188
612985790
82739993
10625460
654207611
945037397
678843958
358184386
529917995
869614262
581527621
429148663
418275972
500258957
86967937
347541774
102641197
672510596
250992544
559216039
667798723
798955451
138535878
112095742
865766409
875064359
968758486
227170039
11639557
217138078
141689866
159409989
965054288
273407897
674477021
402398666
705124785
275773901
518913193
135089605
846957258
872044746
596857298
824811663
771210572
536177683
455234352
825616856
251678875
355759268
84087563
770112762
524199052
25483922
130767568
451616374
188296555
521535170
25821565
985061196
615864588
820545755
48295049
888500182
736785175
871616610
359827663
496072821
260011690
677613643
553808442
320952012
856559749
349937978
871199783
605506329
2897142
293850565
113535175
281656207
427026933
517885862
74230994
36688380
346673712
936187674
282600021
241181642
445057012
253559482
540918106
603445106
4422318
460501393
881388020
73440080
60129230
556332287
246442355
956702930
716081634
846465520
182734665
457276202
398103309
809452541
120579297
111009004
847686122
305847931
694884568
198944603
342696126
742246146
399926969
895556044
377788680
782562463
724665546
361887315
649144600
463203184
966647412
58752361
531297817
36459339
527867373
902580941
376069933
610136979
413346171
28606652
14151524
576897244
347326778
14593180
420199540
611594985
990651166
64009264
225418408
393575744
217597644
543064151
538717265
64019166
437255272
602454064
3838301
640465860
747730561
991840053
891624096
456622601
21428585
26118840
910602461
740077149
994653000
747197623
666698674
785624964
200837929
903115479
875880111
634528357
766386027
341423265
517500917
655235706
729659169
108897901
212465069
508926787
137647846
95617596
851729859
276036881
673895694
688296868
549599085
361156325
949521330
906609668
623907712
233160859
406495058
128742710
455211938
645362692
334090672
289838898
543383211
706853635
564784850
393748371
149203768
384274300
367236823
155365547
189703991
258924829
174474827
900422994
333593676
371419824
635535392
669188750
928262686
270164986
720610613
390704622
164916836
73202146
173858985
445589321
277275833
610565152
684626873
834574550
887079350
376086095
606772079
905693397
846884079
698947684
996627315
574921455
267712328
159310519
609497110
986741188
104278755
991193283
684151016
431128199
58190981
304644221
412058917
909268100
223394231
667515338
502710622
441978494
844658658
818684607
292272969
464976886
241595892
32911049
982936881
554790998
7468710
957651664
478769931
476904690
225407492
769144723
905476847
170067908
492495338
245099639
287488193
609806053
781744498
169176156
555876046
500658520
354026445
857135137
352792759
183601641
645017775
257385052
139736106
407955722
116999518
268311834
325389726
236817101
435306114
391165334
662685704
147954168
830840040
396324040
125844494
239926871
289482482
878275447
124983041
364363257
4165858
764538784
32701965
965674788
276969848
415955538
398365778
213525768
522908899
69120143
586080486
453354411
797524917
645867769
285092532
926455380
829351808
497571149
585666427
66289253
565761560
63613367
971941415
749221564
666431911
370159867
745016909
201174599
215631168
813530871
597457188
873561502
661654832
726192842
21837257
116763917
179753357
173183206
778749545
142875742
431034131
606688583
848979661
680912312
788138782
934658054
558222404
54756868
909976142
698388876
467908761
17879617
877252040
764949896
608067270
196706346
332358785
264948295
474130145
630381812
856625497
717638556
3884685
31186547
202086416
909391351
891185923
147176678
652944166
458618326
434046386
536697711
196871535
56978770
244207771
411522798
535200252
305683768
864332992
127782715
471564416
169737165
835563877
603532724
201429480
915452742
996297364
342814664
460135287
894616018
239449463
258867646
4783599
174667764
662740445
868046207
947416500
47758325
47552538
734684858
74673293
163218769
265181820
676082989
258525846
381734479
831093665
111574112
892335508
538143903
335077106
401434792
708540660
46621482
130663734
668357265
876662704
652762896
728406570
511113140
668827938
419483560
476320529
348852511
989688017
921816598
335734745
148693011
39565612
279546165
29510326
677199427
88588004
404420796
293700154
486152798
100949342
234830283
937066728
448952761
467894570
129461580
726253299
557442719
847734894
160776492
585653701
544529229
220721193
30296040
97148225
655289746
788389524
237214157
536749807
933545031
553407352
860572457
703024446
713953122
966425956
151818550
487817760
719420721
559451600
871153364
31277952
671949403
450770084
305190611
69368305
990403526
751234006
344137906
657786708
875317132
138901917
802339452
561381853
298799708
918849590
197711850
898297764
168895213
720767832
728313477
874207515
277869844
140729765
180039229
723784904
178006725
126683912
679189543
83862818
147599145
366660547
811902595
126465290
938177798
570664901
532706845
287426002
59845549
419818746
963788005
968971370
888388849
840202184
433936373
786115561
301075656
470683901
847874051
153332643
971693236
120186057
777902991
466593595
213587657
589812007
389884835
874003613
951514044
9176979
884606749
785748324
615921788
174861189
847535346
680835652
1982060
431896350
51056027
830583780
260258864
490082850
390708488
470333425
668102819
571290556
839699325
677394501
417331837
321077242
559971151
134732688
883935674
902065835
551762469
779695744
869535521
843593978
3237029
924574070
409239390
166304679
712283570
462970995
178079378
208040945
563788101
306833658
856848885
517351917
231067503
321714446
33421126
9303753
206338375
621563841
5641625
493764180
906142890
116651625
120446687
434215837
202387866
86797889
764071473
394799688
546049345
675859827
27989976
685435677
227311911
994414307
167904915
310981601
662086596
782885918
82108365
965447730
969162727
204733130
617453831
4164954
818039173
498920080
111249631
250428915
650451724
707610206
239904125
34038983
415301928
723728047
933670196
272454519
811487159
987089756
663082382
728647425
294105623
180893131
926028242
269197763
688205404
598766011
384976169
226006090
488889051
282502833
815442449
267945810
518705871
229667385
772712576
367206872
813990968
637994918
477781637
146519605
831072024
232385280
566850173
995437913
633865248
307111518
751373370
433990156
459437002
477832947
450764154
271905116
461727955
863626166
450598231
518625549
943321980
405648707
275435920
920765405
205991202
458342790
478112085
121582017
710698140
506442042
739677966
212452788
625017783
933300201
635764361
55088603
115894289
613763485
555904752
842191353
276998584
957360589
675865571
443685274
294274789
656806406
21863516
575543657
195211327
516761545
397193105
590178553
646516642
837440329
289235905
876630426
64291855
717369177
396527074
639072898
131894930
173824947
174952937
320120067
860285354
334786226
263616203
285453298
688984618
409979348
104728524
320700678
7229570
84863486
642797389
739216011
626794404
149734170
67034456
334542224
88860033
843004793
863574434
416778321
540639659
975581528
781419368
452397732
184439464
328111356
64589421
609825182
818478447
757340245
843415977
306536086
208745620
50446174
451881948
695015515
889518557
438889972
352979124
966897599
334755222
739548807
961371864
451129424
955789159
606197571
880550205
279093852
303868602
282187414
837978634
269606275
672505675
949303097
151217855
264926175
965976823
152782058
941888597
641928184
161996422
954663052
341796998
30724494
203704740
217064083
946330833
50884561
283394818
946575642
146451957
738505175
11961485
733822088
459624101
502918041
312361197
615984337
16928592
726412411
672008628
304763406
129748914
738308033
607712646
386732579
173589467
670238154
454835947
285944145
927084318
779067291
503174705
605204733
707397225
427429433
91556646
719894818
772373037
490620722
817662226
687572034
423431262
5805337
356107437
254077920
603571110
897837293
511444765
364060731
586332869
463774135
184777341
317961575
480013633
185097643
926412947
285632634
721829914
663279958
999041282
481108694
502452158
646108003
354036956
205916187
600982807
558137196
891593544
525364734
530120416
429202644
680127318
718423966
83953370
8865326
418399759
939801014
748767963
38974683
848375304
250118231
65776339
549038437
778132665
495429427
284650111
185361494
117958171
421365819
404249975
384467194
926244664
931282187
456771066
340026310
192888715
417905433
920245381
748499715
446306450
653682732
774119234
825333819
716149082
348383155
657289684
490888250
654126782
220160296
153678178
523770889
366726361
813252616
279634522
449952020
362281523
478213768
749479284
473532754
60640805
157413942
764631698
66509664
5913420
105846628
948049961
954741604
787844401
74060532
473871555
147310953
341230575
120682891
36929455
281544019
136031605
76093012
938282662
61876392
288277252
972911825
23535870
