1410818140673232312
1012372763377735511
1244507709311333111
1180184715150962064
641857384282192810
693741004883432872
1732060746738306220
1466298298619842329
692005065077433559
594150901257945671
1040587421755432782
1119958655400213273
1387273051996622495
1567854962410576738
969725323413941070
1269709914326986319
961802244746419771
918958575845602928
434403772182502529
544341258279299669
1060020673279555105
767203015143447882
942238444389723273
1098856291023001251
493168709600541562
996616995458172794
1261681018292578895
1573607492697551540
943236198097361700
760683615895615556
918057890608887741
575217749296330847
1497288205577828439
825403380144962539
1194494977309622280
961868146177111949
1094867500207805875
1198086812296321774
971900316554670337
1360624448123157504
669032938280496638
1240557421515151011
433849247742004500
1566785213503922570
1059749604877951907
930923847725888901
1023827163166727120
1657618746638077449
666848565157911135
1472623558761319840
1511871716116522455
1420708912570661471
1577646456623098502
635754653115786700
717892409197819654
1193514737062360674
806233563266174505
1279887517559648048
670916587239278203
959943033385863167
373333206543292920
1078179429831174922
629986653070377791
622654456858333872
697370931650512665
1282901834903134820
657601240707015574
1125221368024578242
1296394538585293496
1147229182589225914
1426137452822955392
1397166770515499773
1109230448572707457
999970440041388954
813025315779729736
986746752619485298
1615488350039598554
454314493073706819
563213378834545546
872642271908032185
623465458389542710
776287838669992134
1076287799586666095
818213946136569187
721521163274765705
1105361066758974890
142259176881588185
1567368948388941531
1523612806978484418
1583532100655617441
904722414269795222
1202279346262156054
1046715117711691305
1324941619050757963
1171204756101087126
553128540045910208
532885937130319271
985098472380987556
1038586181929246600
1444632853103721056
1539861105734264365
1580612313547112312
1074157651498965407
1467477792785611746
1103664655665513151
1407818615252896308
877352553169422524
1218440215019807755
400539270460059323
845841342478432588
982035725966940804
1172334581961678955
1171866922709478878
1345845282914849522
320479350916883650
496388746199142495
1288066027407827900
1035284121258889536
1717851814190070554
697852447754924108
1443947160716325376
1178483260917780175
971905498770536259
1182725810416206206
1740692195149322373
492392508144181518
1454575524979579792
1503277107855942402
1164980534852975060
1263478057370145638
1068483828567501507
805216695602124852
1398966380657456901
1181204605471990840
1603811671461740560
550248045496563248
345386849410981322
1014449396488075330
1802485299354141342
622269843005862973
1505110569786372066
780109806112827731
1742582267529731783
389633144586145882
1190528361876631482
1423540707653570329
404641411641668034
576309891148322678
1577918714224018839
1291594002391348697
276127147801230618
1361727788178583299
1311372985610677290
522258762629067551
1467878900128746099
1239670358315408812
206245511373112795
682724479585880057
374295657410601952
641081518405697466
675118335430537193
1000610681401439353
812656239758611323
1199868623745075657
934778422761850182
1016890797928107071
1378912061144881966
976911937256219820
969438905818070963
609277548889844098
1065579129119906601
1872178905444021070
1359164612222535283
1365698046951459438
1032255489839426345
831738242335979859
1251659644601810526
342370825202723494
225854494509505103
1687702065455563113
1358905686883303565
611905811054882408
405261559936222350
1661223143172894201
642912777831698961
777536829969702008
1122816091667454059
1109082741130374065
674425040029099716
663204049283308327
882788716054202381
1276513738759205151
1154923113969367362
432090941875822952
1527106459825206774
336169896095306651
258851931266903069
120274793037633543
793064176308672495
400679809864287154
1096585106821074074
59391753794385426
289933383779162493
505469482257374151
1073705507444249456
1146721804598525388
1253428598760139918
798512747179494021
913517589166752909
828977688456224101
1208269377995055580
109781505730727643
1088165413577205878
906029484035293367
1410186597276966942
288217271036597959
540451695999778419
1447904798295423682
1109337495263829313
1515545079092640308
997103351246659846
1126534957924627000
1006389745422260613
359111984044209523
968907690933692394
1008661958586398984
272811561489557688
1194913998230321040
1110287430512280412
1476162823229538165
1558258469485199674
570234162519034341
1150607163477629996
1160398834641423312
1174557244186801763
572857087743243474
769822097139071082
1142403276228386114
1241753302214761221
1012399359684675538
290135383816618240
258151930241610138
1312206112422640012
893333612640716972
583998247900713763
1139316239478160099
338648197576304891
1613125483015721377
1498710114613557356
1753534621553486420
1678870465764633101
297723080079339334
1502586942430869280
796442025934035742
1866568615123938497
852766843287648758
596532841094877889
605630567386640080
446485960253405089
481321244203665667
1195599853994851460
590128472272832939
578914012148828741
996275415731144891
969968735288673769
1255099436309755343
1255696712429449177
1705266175912785655
929308693291945128
1650709084674048415
270891546283889337
236021751451607040
766537952610229254
561247806824657830
950592004030799034
1545091968654535995
1367577797826263613
1381225902892538936
860036079850783872
1517907566285738487
1125887158782952817
1376395006723285975
1002060978692349825
707789882485091557
1200402489762655573
1123756365339433097
604271968149101387
1086904578780443479
1011804047389102409
743210888602733351
1014208102171114833
1140984063378592128
1157710527293617765
895392789616572378
1435838102352518899
1127941637496383837
1334718911965567905
1460110699476166548
1243446841144806897
863841393336731127
1016149372380869944
777758214296790804
738750040050135664
676614797844941142
395246434446149679
1435028041033851671
702878275966790958
1505924462027141135
154351137867727440
1048463088591986952
341301361985972373
1077925136302600507
692884728254953095
1220824410347828795
1043468234497952703
410617517474109028
891984039473144061
753881792235282531
1420565599294039889
876829044345687841
530773052740992052
914034459867246121
847112147865173155
602487815714388326
1092224539943600631
1686136017029230938
588940778240190237
772197890738508920
1365159098256422098
1524046487190515940
537857165530223614
1448574175104760283
1476256153125980713
1150918943333387054
889271682491415444
1205440200110489886
536358579165787551
1736199562887835641
1089188492480387042
1220648425342305553
980459540783576393
1477795243147945211
1007648120987372377
228754510426687817
811336857737544327
1255821036161662374
1331476491019815324
1193798125205333045
1177596394949943130
1200158784530481169
738774025825166330
1078985492979639414
991597675423853450
1144852147901634869
1733926050750282559
1340072471235796795
968976729008272756
860756379872068706
511398226145756452
554767697854121777
797553813168155670
1029575866809309628
573241821462754634
1029000907415987622
528570454803927537
1683246971610608771
386401032814785014
41540436244064041
616907083698719496
85879054761487031
521967625231760997
348812988538916533
975074608074198426
786011680961945261
646465872740751897
534733093132123429
739009258222358644
1503171418495159183
1031751328866230510
1404176258135604307
685518537095679330
1575204805172490332
796677020034125734
933196007933099814
1652523247303856105
779171277022918550
597179435483441073
1085601129668362228
888014088608888111
1351156657670120020
1426299870296902637
1099273794555321434
1062683113418454279
861376728898365369
677168757330070100
979857337455403769
1225985989459917857
1710376944540772571
1233506133329828903
1655503674400485372
321479819934231679
1019400209892826236
259776954520661142
922891752300051283
1210471081172448258
1104666955421403029
766677126795417762
993595347618553350
812845858764370722
659247754642115183
402712773655822944
1091237911688665393
1212794349891540664
896387901408832625
1115018765498201156
309355100833492522
984408047771436107
1305003682468218815
732300789187872141
1360152733292140701
837069257310172203
1178591115279138358
1058827052403034565
1217697409413091454
1348266621634727580
1222523032584295905
1156524352509679051
906399769140491207
977284703825663281
1589164534975403298
1307892457326603872
1490815989436494873
372195553785091184
1294982350005382346
988930435677477639
1205327403707305705
931727503588723346
164695499519027160
612178613635704519
867930797421332775
1236765657047568905
1069186105989220044
1461605066575390602
1117917374450497691
1491985666341434502
1735373627995521269
666070300126616382
1802439578771079538
1214996607258559031
1396076605980098814
966630508506872288
1364046922141407150
972024453218220762
1261692077849224334
1096115139355514279
1191743034850424759
930647951414344047
943609215887871564
1424112415547588915
173765817573857048
986233213374501415
1051946039966302428
1674629163062422601
1202413357442293699
846083704213448900
715764723344744078
1057828314300345234
1628459408636048958
96955190697904828
168304765466647780
968868326572583729
213148517246008555
737003290625439517
978424648787374308
379824939856443971
1386098888253848514
1096127084937853950
1532013872203476285
152985999592435888
1261928111768443383
150894639638957635
1502140142891367177
1057308592691085382
1890387339591849828
772333606482551513
1600515343501091720
815736699778035785
597594967380654898
1438864681300883428
1193736417833609149
1893185546188078456
632358061336148998
925899605372585316
1779153188205847408
606569298222819409
1016365391685291124
1083900852747118188
658538378221811546
1620121292104523347
1317599853697609485
690026441525979529
250039873104411137
775334882614763093
1319113946751387572
993359263368588832
1358090070320700594
1806891657241804009
692675429654522771
1192185649757015916
1523190748688701869
612105245637185481
776569473047319818
852276651782265503
1240935039062593609
1372000316249290308
1310113904067440202
1196537141196013998
811314727929197379
1174858873171216256
901711849855448553
1119455494493324344
1270727231140042466
735484296758096593
759546371017381446
740094089849932088
1082893865788944820
1045801300815083338
639408141907735519
1380245345327645912
874388037371835101
1228928054545075023
655396201129189217
854017302671810165
688985332287801979
1467426341724837124
1803788651601464880
1204798029306121621
906670150008519527
1609708403640875483
1049008915445197101
1441045614992289596
1116063893653475784
772224775986280970
1497244266881608714
1310073206582348086
1353800714559578536
1315800666019621761
275280132176425591
894093679372007927
361332728741432036
640614127418008090
565785904846400052
293471630095777343
1445251281570019097
973215131563450151
1063191706959686252
263153756767361700
1335120576618310332
1588933587844525449
608730016077817674
1086378586251027828
1154131296906451133
615367801464037433
341626607329243918
974075806911180911
1688796000947703715
1600204900706416058
949138788257554647
1112369528399327126
1360665577505325287
1301038786246043183
1422655835959866365
1438155918832081904
771447148737517094
1349148015519327331
1285905921414979226
843693898618666679
1334364619555553545
1303435523233441904
1024205424710063015
1334521312203954040
507370536304359314
1922622700941069905
434008379386669530
1469078714375793148
389436319813884400
1142614361422750124
1807384662463232054
1165466462874298380
360106845016213007
1474630521205241373
1606723251197429812
1153825463679930390
1510131267426780106
668828920597972025
1357181250139322947
1209080078655218730
1030730778872810403
109737570142218001
1351594706389983303
721262130486704997
996183122778990812
1240609888631509059
1181845204972878405
690184146352608997
775426449433196740
658551786027883458
1573119929024278701
1456610409708376743
726849151248893056
1137647017347984517
1365739898138466790
1009503285410986245
972133146590431997
995168309601506492
1216607268396410725
1332321816717158603
986880600588239368
434486721182246758
1441804798688678436
681801775836492262
1514936135059126061
1593154718995845873
606561763651715966
459863355819329237
772227876775084921
1058516665976759534
782164012124515487
707493103619793113
1286033821894794049
1382738224129826167
542459561022948923
908728801268875896
1757427980863090017
564103393540618348
351834771603472972
969373332579511222
1630248829304317796
1243076658718362725
1088918373796844925
1392679696933846972
1697819792447991613
529701282095726180
178614644528447313
1475485630335422266
811861052692554083
1048910170490071495
1635805699893763565
1102457744786367835
962040654887217921
797213461742549857
991548164426375163
480155426008095234
1653247556867982790
714184422685214031
1299104973492319098
1466244483753736747
576441064275241760
1571264454156984908
839467157804796377
1191393022597198199
1185974957777147151
1168505487968051972
386789687432687476
517286875123149046
906136901721625652
682151805428323050
1163968548457309902
1271629435693032147
1171664918293184608
916083630484529395
858625315863115835
1570009904187295304
900622524646462890
1745427570174993067
610363986977308084
1076361247193207859
549066596830610901
689533207017838553
283922748899418337
726491300928488189
1231353958852017376
478491937098785913
1091599227558625490
948953585175072617
361461055344122831
874142582340272069
562754387885797293
1407246991974202209
949688180860644842
1426999267504501299
672027984272523304
1074311668755400855
255225156572165362
1106621503892233883
1316773090747108052
1019582121476728375
890183183184087698
1429813338863799137
782413057541508297
1012112240662400363
1044510561857754822
744982521606133831
993237973013964321
1145172802444902082
875692374298146552
930172635992579943
323298490179928557
889174054989590783
1434104115288951264
1539579005316895179
1402357262645954223
1522153123237191047
1076396690130801763
1814112429023927815
1378320326277175282
934634188127343733
816806359090435762
748737735796514261
1046529073742977574
245605513966277551
1287883681175927192
1844731072779304020
891651341710765175
307947093152446984
1203839778050086339
1064863871390830344
686896462290356491
983039288107788518
1103402613204882908
1431728408212020048
1342030203006748403
1053016609009417029
803809137704179471
871949439172226680
572470062823307478
697192659111286595
308746611107589994
1035590402217884416
793087902890070872
986531150802956505
742226533199719318
1190404297409443649
633505800760541652
1863778296534105248
986656827477672224
594402505660479775
1462417436581496807
620517979701013121
1003508905722306952
738197118141358896
703414190979940564
1266018305308030906
1192857591564461382
945492225630122457
215611965168953227
620148574364808717
918661142167697421
1142077320589320747
1436324620631664844
1891150562522951913
1029652860836456226
818443329359564903
1588647297000707458
1025386291959432608
1202270052087876656
902290046833753680
651620003887802274
1167156129242752423
1095582095744024309
832669744525632359
370393547817291721
1029573520407635791
1011025345061939291
872306178385772458
567984214924898096
1654689852472849226
1282922483192081447
1216120743339267626
1554665631302516432
1199163514968237674
1054221988336598037
994899741631407024
1055649265143407210
896678091349715218
1304058103892740103
889475548841899766
1496961214918897806
923666859304243433
1177310740318992514
955772062818526843
1541024697436145945
844624226819059121
935188646131220601
1072742471595385348
1440406723182252043
434535361237061692
401857440462449327
273011451277476515
1324049525743216181
1030792932017197324
1249844372298151390
529583138077400564
1250834343118422874
80880011532719075
1040169379091220197
1411458429818613541
1379777333438710019
912052270004863066
803643645637143015
1323737380467980416
875499250542829004
1240056029756623222
1352211774934311670
1013553197445302855
141766579848428349
789911690100654860
1540950595451225760
700171733425388534
1348428807549168872
1586506866145217718
375848501435193646
971975255716527287
932230234287089488
759221159761925787
870890112883627661
211430346324074615
1064117711296663902
876675152459463607
617350375289965271
1454452941034640936
730915469645331944
776684329056786065
1305877433518036851
1529141886657175083
1175357496378800914
1239269941106722398
1022082915813974333
1679111715153252461
538492860654977610
934972155471485623
560851446558658829
828325993480504923
773884644768366134
851779585163278078
996259146050495311
1562399365154332310
1234158060927324931
480655360407991445
594509069345149910
1467103290482701915
1464199795349518463
1510338869617815326
1744412201615700991
359644991480290838
1231667653598203772
1470959336780376983
407904002916338902
976279063401760944
270184741148783601
1133708481333724212
729989720939370213
825616520758504483
1141674345257366691
1348460480682143018
1010260190688075946
626689657460636594
1407784828006950156
1345162438959615194
618982534050869319
1459122984826251989
1537809419055595726
842846112185441283
1254172937465419903
708678094610553515
1332891766317454938
1701416633325484497
1161193745420457893
898418305715733552
1092213768997146282
546475674861752154
736124616811651728
1240248192944302907
1073768494500189461
1758768187625834651
715812187293086041
1316131607542087107
955415076383723520
1426941768364877818
1609740141218806308
1264445109206249358
1428971265829767285
1746115281061558524
357833839474946510
1405781536286145874
1881141707338994494
1046372565224233346
1094734665232783181
537528389332082906
1426117419892120483
790751203987357507
1080880770430487913
1455267038654666890
462431153945586063
479886595766192793
1151664132418114795
397887811755957711
1585033887475889864
754969600193042361
866524363001392086
1327550686563982696
800314832621366769
1672694961598917411
269362786296682000
1428152614823632720
1729945641322504588
1272302212314411029
963676028762261934
748308470382188492
903749249017026050
993742587559139580
1423016367237166738
457633981303881031
1127209802799330665
1045363074402031715
471851875436186649
1065395609533306786
1224837868199464172
1028926118687678070
887430730355523134
1311886773214719005
1124432616625324389
860686109231718091
1007743274871375756
735489726828409498
882541340509383003
1414121071022069194
1023453161064430195
239253025366825263
1161971942091152836
760601332219592890
231068110586141808
1314410897003511588
1371087306576741967
1584197214274108333
819189723235581581
1647881306104979675
1719836966029467468
1204169114561219725
1824576527459919965
978534397126264367
704302037952071735
1651447281555920316
1464589551549916760
1553158947823182203
1051129507372596038
846018970393359838
1133296489650726244
1174956757394243494
911275248431235901
1118890058615094246
1454843745914799058
1149859468162252696
279406432497233130
1549125173510337141
346196714538872123
650005162828479103
704460021484937140
593972971273504605
1065155659051342850
752150197321437414
1294697233721576710
1215480702621264134
405075154539511992
639926044071360098
1314282176048632645
1732883955954859569
925083248610222778
633903983314932496
1097868526714876118
246273985477054632
1696470032982455022
642407855311352919
751509339201645899
920459034573168841
575588527503843086
1140974056185908526
617480364787926992
1468402339172391285
1155889762393732235
912029727806497097
514216461478161043
710863052375619690
714047230537506083
1877765370436547739
1017835338197688585
1018637202013315312
1018560913038226062
778992807695088768
927440542929032877
